Arguments: 
  C:\Program Files\nodejs\node.exe C:\Program Files\nodejs\node_modules\yarn\bin\yarn.js install --offline

PATH: 
  C:\Users\Michael\AppData\Local\cloud-code\installer\google-cloud-sdk\bin;C:\Python310\Scripts\;C:\Python310\;C:\windows\system32;C:\windows;C:\windows\System32\Wbem;C:\windows\System32\WindowsPowerShell\v1.0\;C:\windows\System32\OpenSSH\;C:\Program Files (x86)\Common Files\Propellerhead Software\ReWire\;C:\Program Files\Common Files\Propellerhead Software\ReWire\;C:\Program Files (x86)\Pulse Secure\VC142.CRT\X64\;C:\Program Files (x86)\Pulse Secure\VC142.CRT\X86\;C:\Program Files\Git\cmd;C:\Users\Michael;C:\Users\Michael\AppData\Local\Programs\Python\Python39;C:\Users\Michael\AppData\Local\Programs\Python\Python39\Scripts;C:\Program Files\Docker\Docker\resources\bin;C:\ProgramData\DockerDesktop\version-bin;C:\ProgramData\chocolatey\bin;C:\Users\Michael\AppData\Roaming\nvm;C:\Program Files\nodejs;C:\Program Files\R\R-4.1.2\bin;C:\Users\Michael\AppData\Local\Microsoft\WindowsApps;C:\Users\Michael\AppData\Local\Programs\Microsoft VS Code\bin;C:\ProgramData\Michael\GitHubDesktop\bin;C:\Users\Michael\AppData\Local\GitHubDesktop\bin;C:\Users\Michael\AppData\Roaming\nvm;C:\Program Files\nodejs

Yarn version: 
  1.22.18

Node version: 
  16.6.0

Platform: 
  win32 x64

Trace: 
  Invariant Violation: There should only be one folder in a package cache (got  in C:\Users\Michael\AppData\Local\Yarn\Cache\v6\npm-@ampproject-remapping-2.1.2-cd8b4479e129874855e7090a2fd99b9acf1fe581\node_modules\@ampproject)
      at invariant (C:\Users\Michael\AppData\Roaming\nvm\v16.6.0\node_modules\yarn\lib\cli.js:2314:15)
      at C:\Users\Michael\AppData\Roaming\nvm\v16.6.0\node_modules\yarn\lib\cli.js:59843:11
      at Generator.next (<anonymous>)
      at step (C:\Users\Michael\AppData\Roaming\nvm\v16.6.0\node_modules\yarn\lib\cli.js:310:30)
      at C:\Users\Michael\AppData\Roaming\nvm\v16.6.0\node_modules\yarn\lib\cli.js:321:13

npm manifest: 
  {
    "name": "app0",
    "version": "1.0.0",
    "main": "node_modules/expo/AppEntry.js",
    "scripts": {
      "start": "expo start",
      "android": "expo start --android",
      "ios": "expo start --ios",
      "web": "expo start --web",
      "eject": "expo eject"
    },
    "dependencies": {
      "expo": "~45.0.0",
      "expo-status-bar": "~1.3.0",
      "react": "17.0.2",
      "react-dom": "17.0.2",
      "react-native": "0.68.2",
      "react-native-web": "0.17.7"
    },
    "devDependencies": {
      "@babel/core": "^7.12.9"
    },
    "private": true
  }

yarn manifest: 
  No manifest

Lockfile: 
  No lockfile
